0 info it worked if it ends with ok
1 verbose cli [ '/usr/bin/node', '/bin/npm', 'install', 'canvas' ]
2 info using npm@3.10.10
3 info using node@v6.17.1
4 silly loadCurrentTree Starting
5 silly install loadCurrentTree
6 silly install readLocalPackageData
7 silly fetchPackageMetaData canvas
8 silly fetchNamedPackageData canvas
9 silly mapToRegistry name canvas
10 silly mapToRegistry using default registry
11 silly mapToRegistry registry https://registry.npmjs.org/
12 silly mapToRegistry data Result {
12 silly mapToRegistry   raw: 'canvas',
12 silly mapToRegistry   scope: null,
12 silly mapToRegistry   escapedName: 'canvas',
12 silly mapToRegistry   name: 'canvas',
12 silly mapToRegistry   rawSpec: '',
12 silly mapToRegistry   spec: 'latest',
12 silly mapToRegistry   type: 'tag' }
13 silly mapToRegistry uri https://registry.npmjs.org/canvas
14 verbose request uri https://registry.npmjs.org/canvas
15 verbose request no auth needed
16 info attempt registry request try #1 at 6:24:12 AM
17 verbose request id dda82fd3045b71c6
18 verbose etag W/"b9d28846acfc08a77809a51af1b53136"
19 verbose lastModified Thu, 20 Jun 2019 21:33:06 GMT
20 http request GET https://registry.npmjs.org/canvas
21 http 304 https://registry.npmjs.org/canvas
22 verbose headers { date: 'Sun, 11 Aug 2019 06:24:14 GMT',
22 verbose headers   connection: 'keep-alive',
22 verbose headers   'set-cookie': [ '__cfduid=d5f1427cc4dc7495a46d452a7046713401565504654; expires=Mon, 10-Aug-20 06:24:14 GMT; path=/; domain=.npmjs.org; HttpOnly' ],
22 verbose headers   'cf-cache-status': 'HIT',
22 verbose headers   'cache-control': 'max-age=300',
22 verbose headers   'cf-ray': '50482018183cc52c-ORD',
22 verbose headers   age: '6365',
22 verbose headers   etag: '"b9d28846acfc08a77809a51af1b53136"',
22 verbose headers   'expect-ct': 'max-age=604800, report-uri="https://report-uri.cloudflare.com/cdn-cgi/beacon/expect-ct"',
22 verbose headers   'last-modified': 'Thu, 20 Jun 2019 21:33:06 GMT',
22 verbose headers   vary: 'accept-encoding, accept',
22 verbose headers   'x-amz-meta-rev': '384-bdc89a72c33da92ef4cfe896cf9b5ece',
22 verbose headers   server: 'cloudflare' }
23 silly get cb [ 304,
23 silly get   { date: 'Sun, 11 Aug 2019 06:24:14 GMT',
23 silly get     connection: 'keep-alive',
23 silly get     'set-cookie': [ '__cfduid=d5f1427cc4dc7495a46d452a7046713401565504654; expires=Mon, 10-Aug-20 06:24:14 GMT; path=/; domain=.npmjs.org; HttpOnly' ],
23 silly get     'cf-cache-status': 'HIT',
23 silly get     'cache-control': 'max-age=300',
23 silly get     'cf-ray': '50482018183cc52c-ORD',
23 silly get     age: '6365',
23 silly get     etag: '"b9d28846acfc08a77809a51af1b53136"',
23 silly get     'expect-ct': 'max-age=604800, report-uri="https://report-uri.cloudflare.com/cdn-cgi/beacon/expect-ct"',
23 silly get     'last-modified': 'Thu, 20 Jun 2019 21:33:06 GMT',
23 silly get     vary: 'accept-encoding, accept',
23 silly get     'x-amz-meta-rev': '384-bdc89a72c33da92ef4cfe896cf9b5ece',
23 silly get     server: 'cloudflare' } ]
24 verbose etag https://registry.npmjs.org/canvas from cache
25 verbose get saving canvas to /root/.npm/registry.npmjs.org/canvas/.cache.json
26 verbose correctMkdir /root/.npm correctMkdir not in flight; initializing
27 silly install normalizeTree
28 silly loadCurrentTree Finishing
29 silly loadIdealTree Starting
30 silly install loadIdealTree
31 silly cloneCurrentTree Starting
32 silly install cloneCurrentTreeToIdealTree
33 silly cloneCurrentTree Finishing
34 silly loadShrinkwrap Starting
35 silly install loadShrinkwrap
36 silly loadShrinkwrap Finishing
37 silly loadAllDepsIntoIdealTree Starting
38 silly install loadAllDepsIntoIdealTree
39 silly resolveWithNewModule canvas@2.5.0 checking installable status
40 silly cache add args [ 'canvas', null ]
41 verbose cache add spec canvas
42 silly cache add parsed spec Result {
42 silly cache add   raw: 'canvas',
42 silly cache add   scope: null,
42 silly cache add   escapedName: 'canvas',
42 silly cache add   name: 'canvas',
42 silly cache add   rawSpec: '',
42 silly cache add   spec: 'latest',
42 silly cache add   type: 'tag' }
43 silly addNamed canvas@latest
44 verbose addNamed "latest" is being treated as a dist-tag for canvas
45 info addNameTag [ 'canvas', 'latest' ]
46 silly mapToRegistry name canvas
47 silly mapToRegistry using default registry
48 silly mapToRegistry registry https://registry.npmjs.org/
49 silly mapToRegistry data Result {
49 silly mapToRegistry   raw: 'canvas',
49 silly mapToRegistry   scope: null,
49 silly mapToRegistry   escapedName: 'canvas',
49 silly mapToRegistry   name: 'canvas',
49 silly mapToRegistry   rawSpec: '',
49 silly mapToRegistry   spec: 'latest',
49 silly mapToRegistry   type: 'tag' }
50 silly mapToRegistry uri https://registry.npmjs.org/canvas
51 verbose addNameTag registry:https://registry.npmjs.org/canvas not in flight; fetching
52 verbose get https://registry.npmjs.org/canvas not expired, no request
53 silly addNameTag next cb for canvas with tag latest
54 silly addNamed canvas@2.5.0
55 verbose addNamed "2.5.0" is a plain semver version for canvas
56 silly cache afterAdd canvas@2.5.0
57 verbose afterAdd /root/.npm/canvas/2.5.0/package/package.json not in flight; writing
58 verbose correctMkdir /root/.npm correctMkdir not in flight; initializing
59 verbose afterAdd /root/.npm/canvas/2.5.0/package/package.json written
60 silly fetchNamedPackageData nan
61 silly mapToRegistry name nan
62 silly mapToRegistry using default registry
63 silly mapToRegistry registry https://registry.npmjs.org/
64 silly mapToRegistry data Result {
64 silly mapToRegistry   raw: 'nan',
64 silly mapToRegistry   scope: null,
64 silly mapToRegistry   escapedName: 'nan',
64 silly mapToRegistry   name: 'nan',
64 silly mapToRegistry   rawSpec: '',
64 silly mapToRegistry   spec: 'latest',
64 silly mapToRegistry   type: 'tag' }
65 silly mapToRegistry uri https://registry.npmjs.org/nan
66 verbose request uri https://registry.npmjs.org/nan
67 verbose request no auth needed
68 info attempt registry request try #1 at 6:24:20 AM
69 verbose etag W/"a665a85bde8d605dbf85b9013ecf702b"
70 verbose lastModified Thu, 16 May 2019 19:11:40 GMT
71 http request GET https://registry.npmjs.org/nan
72 http 304 https://registry.npmjs.org/nan
73 verbose headers { date: 'Sun, 11 Aug 2019 06:24:20 GMT',
73 verbose headers   connection: 'keep-alive',
73 verbose headers   'set-cookie': [ '__cfduid=dab8a4a86bbf5bbbce429ec937bbed5641565504660; expires=Mon, 10-Aug-20 06:24:20 GMT; path=/; domain=.npmjs.org; HttpOnly' ],
73 verbose headers   'cf-cache-status': 'HIT',
73 verbose headers   'cache-control': 'max-age=300',
73 verbose headers   'cf-ray': '5048203f2b1ac52c-ORD',
73 verbose headers   age: '445',
73 verbose headers   etag: '"a665a85bde8d605dbf85b9013ecf702b"',
73 verbose headers   'expect-ct': 'max-age=604800, report-uri="https://report-uri.cloudflare.com/cdn-cgi/beacon/expect-ct"',
73 verbose headers   'last-modified': 'Thu, 16 May 2019 19:11:40 GMT',
73 verbose headers   vary: 'accept-encoding, accept',
73 verbose headers   'x-amz-meta-rev': '187-4027ea0c01577aa817d1396fc47fd498',
73 verbose headers   server: 'cloudflare' }
74 silly get cb [ 304,
74 silly get   { date: 'Sun, 11 Aug 2019 06:24:20 GMT',
74 silly get     connection: 'keep-alive',
74 silly get     'set-cookie': [ '__cfduid=dab8a4a86bbf5bbbce429ec937bbed5641565504660; expires=Mon, 10-Aug-20 06:24:20 GMT; path=/; domain=.npmjs.org; HttpOnly' ],
74 silly get     'cf-cache-status': 'HIT',
74 silly get     'cache-control': 'max-age=300',
74 silly get     'cf-ray': '5048203f2b1ac52c-ORD',
74 silly get     age: '445',
74 silly get     etag: '"a665a85bde8d605dbf85b9013ecf702b"',
74 silly get     'expect-ct': 'max-age=604800, report-uri="https://report-uri.cloudflare.com/cdn-cgi/beacon/expect-ct"',
74 silly get     'last-modified': 'Thu, 16 May 2019 19:11:40 GMT',
74 silly get     vary: 'accept-encoding, accept',
74 silly get     'x-amz-meta-rev': '187-4027ea0c01577aa817d1396fc47fd498',
74 silly get     server: 'cloudflare' } ]
75 verbose etag https://registry.npmjs.org/nan from cache
76 verbose get saving nan to /root/.npm/registry.npmjs.org/nan/.cache.json
77 verbose correctMkdir /root/.npm correctMkdir not in flight; initializing
78 silly resolveWithNewModule nan@2.14.0 checking installable status
79 silly cache add args [ 'nan@^2.13.2', null ]
80 verbose cache add spec nan@^2.13.2
81 silly cache add parsed spec Result {
81 silly cache add   raw: 'nan@^2.13.2',
81 silly cache add   scope: null,
81 silly cache add   escapedName: 'nan',
81 silly cache add   name: 'nan',
81 silly cache add   rawSpec: '^2.13.2',
81 silly cache add   spec: '>=2.13.2 <3.0.0',
81 silly cache add   type: 'range' }
82 silly addNamed nan@>=2.13.2 <3.0.0
83 verbose addNamed ">=2.13.2 <3.0.0" is a valid semver range for nan
84 silly addNameRange { name: 'nan', range: '>=2.13.2 <3.0.0', hasData: false }
85 silly mapToRegistry name nan
86 silly mapToRegistry using default registry
87 silly mapToRegistry registry https://registry.npmjs.org/
88 silly mapToRegistry data Result {
88 silly mapToRegistry   raw: 'nan',
88 silly mapToRegistry   scope: null,
88 silly mapToRegistry   escapedName: 'nan',
88 silly mapToRegistry   name: 'nan',
88 silly mapToRegistry   rawSpec: '',
88 silly mapToRegistry   spec: 'latest',
88 silly mapToRegistry   type: 'tag' }
89 silly mapToRegistry uri https://registry.npmjs.org/nan
90 verbose addNameRange registry:https://registry.npmjs.org/nan not in flight; fetching
91 verbose get https://registry.npmjs.org/nan not expired, no request
92 silly addNameRange number 2 { name: 'nan', range: '>=2.13.2 <3.0.0', hasData: true }
93 silly addNameRange versions [ 'nan',
93 silly addNameRange   [ '0.3.0-wip',
93 silly addNameRange     '0.3.0-wip2',
93 silly addNameRange     '0.3.0',
93 silly addNameRange     '0.3.1',
93 silly addNameRange     '0.3.2',
93 silly addNameRange     '0.4.0',
93 silly addNameRange     '0.4.1',
93 silly addNameRange     '0.4.2',
93 silly addNameRange     '0.4.3',
93 silly addNameRange     '0.4.4',
93 silly addNameRange     '0.5.0',
93 silly addNameRange     '0.5.1',
93 silly addNameRange     '0.5.2',
93 silly addNameRange     '0.6.0',
93 silly addNameRange     '0.7.0',
93 silly addNameRange     '0.7.1',
93 silly addNameRange     '0.8.0',
93 silly addNameRange     '1.0.0',
93 silly addNameRange     '1.1.0',
93 silly addNameRange     '1.1.1',
93 silly addNameRange     '1.1.2',
93 silly addNameRange     '1.2.0',
93 silly addNameRange     '1.3.0',
93 silly addNameRange     '1.4.0',
93 silly addNameRange     '1.4.1',
93 silly addNameRange     '1.5.0',
93 silly addNameRange     '1.4.2',
93 silly addNameRange     '1.4.3',
93 silly addNameRange     '1.5.1',
93 silly addNameRange     '1.5.2',
93 silly addNameRange     '1.6.0',
93 silly addNameRange     '1.5.3',
93 silly addNameRange     '1.6.1',
93 silly addNameRange     '1.6.2',
93 silly addNameRange     '1.7.0',
93 silly addNameRange     '1.8.0',
93 silly addNameRange     '1.8.1',
93 silly addNameRange     '1.8.2',
93 silly addNameRange     '1.8.3',
93 silly addNameRange     '1.8.4',
93 silly addNameRange     '1.9.0',
93 silly addNameRange     '2.0.0',
93 silly addNameRange     '2.0.1',
93 silly addNameRange     '2.0.2',
93 silly addNameRange     '2.0.3',
93 silly addNameRange     '2.0.4',
93 silly addNameRange     '2.0.5',
93 silly addNameRange     '2.0.6',
93 silly addNameRange     '2.0.7',
93 silly addNameRange     '2.0.8',
93 silly addNameRange     '2.0.9',
93 silly addNameRange     '2.1.0',
93 silly addNameRange     '2.2.0',
93 silly addNameRange     '2.2.1',
93 silly addNameRange     '2.3.0',
93 silly addNameRange     '2.3.1',
93 silly addNameRange     '2.3.2',
93 silly addNameRange     '2.3.3',
93 silly addNameRange     '2.3.4',
93 silly addNameRange     '2.3.5',
93 silly addNameRange     '2.4.0',
93 silly addNameRange     '2.5.0',
93 silly addNameRange     '2.5.1',
93 silly addNameRange     '2.6.0',
93 silly addNameRange     '2.6.1',
93 silly addNameRange     '2.6.2',
93 silly addNameRange     '2.7.0',
93 silly addNameRange     '2.8.0',
93 silly addNameRange     '2.9.1',
93 silly addNameRange     '2.9.2',
93 silly addNameRange     '2.10.0',
93 silly addNameRange     '2.11.0',
93 silly addNameRange     '2.11.1',
93 silly addNameRange     '2.12.0',
93 silly addNameRange     '2.12.1',
93 silly addNameRange     '2.13.0',
93 silly addNameRange     '2.13.1',
93 silly addNameRange     '2.13.2',
93 silly addNameRange     '2.14.0' ] ]
94 silly addNamed nan@2.14.0
95 verbose addNamed "2.14.0" is a plain semver version for nan
96 silly cache afterAdd nan@2.14.0
97 verbose afterAdd /root/.npm/nan/2.14.0/package/package.json not in flight; writing
98 verbose correctMkdir /root/.npm correctMkdir not in flight; initializing
99 verbose afterAdd /root/.npm/nan/2.14.0/package/package.json written
100 silly loadAllDepsIntoIdealTree Finishing
101 silly loadIdealTree Finishing
102 silly currentTree sampleapp@0.0.0
102 silly currentTree ├── abbrev@1.1.1
102 silly currentTree ├── accepts@1.3.5
102 silly currentTree ├── acorn-globals@1.0.9
102 silly currentTree ├── acorn@2.7.0
102 silly currentTree ├── after@0.8.2
102 silly currentTree ├── align-text@0.1.4
102 silly currentTree ├── amdefine@1.0.1
102 silly currentTree ├── ansi-regex@2.1.1
102 silly currentTree ├── aproba@1.2.0
102 silly currentTree ├── are-we-there-yet@1.1.5
102 silly currentTree ├── array-flatten@1.1.1
102 silly currentTree ├── arraybuffer.slice@0.0.7
102 silly currentTree ├── asap@1.0.0
102 silly currentTree ├── async-limiter@1.0.0
102 silly currentTree ├── backo2@1.0.2
102 silly currentTree ├── balanced-match@1.0.0
102 silly currentTree ├── base64-arraybuffer@0.1.5
102 silly currentTree ├── base64id@1.0.0
102 silly currentTree ├── basic-auth@2.0.0
102 silly currentTree ├── better-assert@1.0.2
102 silly currentTree ├── blob@0.0.4
102 silly currentTree ├─┬ body-parser@1.18.2
102 silly currentTree │ ├── debug@2.6.9
102 silly currentTree │ └── http-errors@1.6.3
102 silly currentTree ├── brace-expansion@1.1.11
102 silly currentTree ├── bson@1.0.9
102 silly currentTree ├── bytes@3.0.0
102 silly currentTree ├── callsite@1.0.0
102 silly currentTree ├── camelcase@1.2.1
102 silly currentTree ├── center-align@0.1.3
102 silly currentTree ├── character-parser@1.2.1
102 silly currentTree ├── chownr@1.1.2
102 silly currentTree ├─┬ clean-css@3.4.28
102 silly currentTree │ └── commander@2.8.1
102 silly currentTree ├─┬ cliui@2.1.0
102 silly currentTree │ └── wordwrap@0.0.2
102 silly currentTree ├── code-point-at@1.1.0
102 silly currentTree ├── commander@2.6.0
102 silly currentTree ├── component-bind@1.0.0
102 silly currentTree ├── component-emitter@1.2.1
102 silly currentTree ├── component-inherit@0.0.3
102 silly currentTree ├── concat-map@0.0.1
102 silly currentTree ├── console-control-strings@1.1.0
102 silly currentTree ├── constantinople@3.0.2
102 silly currentTree ├── content-disposition@0.5.2
102 silly currentTree ├── content-type@1.0.4
102 silly currentTree ├── cookie-parser@1.4.3
102 silly currentTree ├── cookie-signature@1.0.6
102 silly currentTree ├── cookie@0.3.1
102 silly currentTree ├── core-util-is@1.0.2
102 silly currentTree ├── css-parse@1.0.4
102 silly currentTree ├── css-stringify@1.0.5
102 silly currentTree ├── css@1.0.8
102 silly currentTree ├── debug@2.6.9
102 silly currentTree ├── decamelize@1.2.0
102 silly currentTree ├── decompress-response@3.3.0
102 silly currentTree ├── deep-extend@0.6.0
102 silly currentTree ├── delegates@1.0.0
102 silly currentTree ├── depd@1.1.2
102 silly currentTree ├── destroy@1.0.4
102 silly currentTree ├── detect-libc@1.0.3
102 silly currentTree ├── ee-first@1.1.1
102 silly currentTree ├── encodeurl@1.0.2
102 silly currentTree ├─┬ engine.io-client@3.2.1
102 silly currentTree │ └── debug@3.1.0
102 silly currentTree ├── engine.io-parser@2.1.2
102 silly currentTree ├─┬ engine.io@3.2.0
102 silly currentTree │ └── debug@3.1.0
102 silly currentTree ├── escape-html@1.0.3
102 silly currentTree ├── etag@1.8.1
102 silly currentTree ├─┬ express@4.16.3
102 silly currentTree │ └── debug@2.6.9
102 silly currentTree ├─┬ finalhandler@1.1.1
102 silly currentTree │ └── debug@2.6.9
102 silly currentTree ├── forwarded@0.1.2
102 silly currentTree ├── fresh@0.5.2
102 silly currentTree ├── fs-minipass@1.2.6
102 silly currentTree ├── fs.realpath@1.0.0
102 silly currentTree ├── gauge@2.7.4
102 silly currentTree ├── glob@7.1.4
102 silly currentTree ├── graceful-readlink@1.0.1
102 silly currentTree ├── has-binary2@1.0.3
102 silly currentTree ├── has-cors@1.1.0
102 silly currentTree ├── has-unicode@2.0.1
102 silly currentTree ├── http-errors@1.6.3
102 silly currentTree ├── iconv-lite@0.4.19
102 silly currentTree ├── ignore-walk@3.0.1
102 silly currentTree ├── indexof@0.0.1
102 silly currentTree ├── inflight@1.0.6
102 silly currentTree ├── inherits@2.0.3
102 silly currentTree ├── ini@1.3.5
102 silly currentTree ├── ipaddr.js@1.6.0
102 silly currentTree ├── is-buffer@1.1.6
102 silly currentTree ├── is-fullwidth-code-point@1.0.0
102 silly currentTree ├── is-promise@2.1.0
102 silly currentTree ├── isarray@2.0.1
102 silly currentTree ├── jade@1.11.0
102 silly currentTree ├── jstransformer@0.0.2
102 silly currentTree ├── kind-of@3.2.2
102 silly currentTree ├── lazy-cache@1.0.4
102 silly currentTree ├── longest@1.0.1
102 silly currentTree ├── media-typer@0.3.0
102 silly currentTree ├── merge-descriptors@1.0.1
102 silly currentTree ├── methods@1.1.2
102 silly currentTree ├── mime-db@1.33.0
102 silly currentTree ├── mime-types@2.1.18
102 silly currentTree ├── mime@1.4.1
102 silly currentTree ├── mimic-response@1.0.1
102 silly currentTree ├── minimatch@3.0.4
102 silly currentTree ├── minimist@0.0.8
102 silly currentTree ├─┬ minipass@2.3.5
102 silly currentTree │ └── safe-buffer@5.2.0
102 silly currentTree ├── minizlib@1.2.1
102 silly currentTree ├── mkdirp@0.5.1
102 silly currentTree ├── mongodb-core@3.0.9
102 silly currentTree ├── mongodb@3.0.10
102 silly currentTree ├── morgan@1.9.0
102 silly currentTree ├── ms@2.0.0
102 silly currentTree ├─┬ needle@2.4.0
102 silly currentTree │ ├── debug@3.2.6
102 silly currentTree │ └── ms@2.1.2
102 silly currentTree ├── negotiator@0.6.1
102 silly currentTree ├── node-pre-gyp@0.11.0
102 silly currentTree ├── nopt@4.0.1
102 silly currentTree ├── npm-bundled@1.0.6
102 silly currentTree ├── npm-packlist@1.4.4
102 silly currentTree ├── npmlog@4.1.2
102 silly currentTree ├── number-is-nan@1.0.1
102 silly currentTree ├── object-assign@4.1.1
102 silly currentTree ├── object-component@0.0.3
102 silly currentTree ├── on-finished@2.3.0
102 silly currentTree ├── on-headers@1.0.1
102 silly currentTree ├── once@1.4.0
102 silly currentTree ├── optimist@0.3.7
102 silly currentTree ├── os-homedir@1.0.2
102 silly currentTree ├── os-tmpdir@1.0.2
102 silly currentTree ├── osenv@0.1.5
102 silly currentTree ├── parseqs@0.0.5
102 silly currentTree ├── parseuri@0.0.5
102 silly currentTree ├── parseurl@1.3.2
102 silly currentTree ├── path-is-absolute@1.0.1
102 silly currentTree ├── path-to-regexp@0.1.7
102 silly currentTree ├── process-nextick-args@2.0.1
102 silly currentTree ├── promise@6.1.0
102 silly currentTree ├── proxy-addr@2.0.3
102 silly currentTree ├── qs@6.5.1
102 silly currentTree ├── range-parser@1.2.0
102 silly currentTree ├─┬ raw-body@2.3.2
102 silly currentTree │ ├── depd@1.1.1
102 silly currentTree │ ├── http-errors@1.6.2
102 silly currentTree │ └── setprototypeof@1.0.3
102 silly currentTree ├─┬ rc@1.2.8
102 silly currentTree │ └── minimist@1.2.0
102 silly currentTree ├─┬ readable-stream@2.3.6
102 silly currentTree │ └── isarray@1.0.0
102 silly currentTree ├── repeat-string@1.6.1
102 silly currentTree ├── require_optional@1.0.1
102 silly currentTree ├── resolve-from@2.0.0
102 silly currentTree ├── right-align@0.1.3
102 silly currentTree ├── rimraf@2.6.3
102 silly currentTree ├── safe-buffer@5.1.1
102 silly currentTree ├── safer-buffer@2.1.2
102 silly currentTree ├── sax@1.2.4
102 silly currentTree ├── semver@5.5.0
102 silly currentTree ├─┬ send@0.16.2
102 silly currentTree │ ├── debug@2.6.9
102 silly currentTree │ └── http-errors@1.6.3
102 silly currentTree ├── serve-static@1.13.2
102 silly currentTree ├── set-blocking@2.0.0
102 silly currentTree ├── setprototypeof@1.1.0
102 silly currentTree ├── signal-exit@3.0.2
102 silly currentTree ├── simple-concat@1.0.0
102 silly currentTree ├── simple-get@3.0.3
102 silly currentTree ├── socket.io-adapter@1.1.1
102 silly currentTree ├─┬ socket.io-client@2.1.1
102 silly currentTree │ └── debug@3.1.0
102 silly currentTree ├─┬ socket.io-parser@3.2.0
102 silly currentTree │ └── debug@3.1.0
102 silly currentTree ├─┬ socket.io@2.1.1
102 silly currentTree │ ├─┬ debug@3.1.0
102 silly currentTree │ │ └── ms@2.0.0
102 silly currentTree │ └── ms@2.1.2
102 silly currentTree ├── source-map@0.4.4
102 silly currentTree ├── statuses@1.4.0
102 silly currentTree ├── string_decoder@1.1.1
102 silly currentTree ├── string-width@1.0.2
102 silly currentTree ├── strip-ansi@3.0.1
102 silly currentTree ├── strip-json-comments@2.0.1
102 silly currentTree ├─┬ tar@4.4.10
102 silly currentTree │ └── safe-buffer@5.2.0
102 silly currentTree ├── to-array@0.1.4
102 silly currentTree ├─┬ transformers@2.1.0
102 silly currentTree │ ├── is-promise@1.0.1
102 silly currentTree │ ├── promise@2.0.0
102 silly currentTree │ ├── source-map@0.1.43
102 silly currentTree │ └── uglify-js@2.2.5
102 silly currentTree ├── type-is@1.6.16
102 silly currentTree ├─┬ uglify-js@2.8.29
102 silly currentTree │ └── source-map@0.5.7
102 silly currentTree ├── uglify-to-browserify@1.0.2
102 silly currentTree ├── ultron@1.1.1
102 silly currentTree ├── unpipe@1.0.0
102 silly currentTree ├── util-deprecate@1.0.2
102 silly currentTree ├── utils-merge@1.0.1
102 silly currentTree ├── vary@1.1.2
102 silly currentTree ├── void-elements@2.0.1
102 silly currentTree ├── wide-align@1.1.3
102 silly currentTree ├── window-size@0.1.0
102 silly currentTree ├─┬ with@4.0.3
102 silly currentTree │ └── acorn@1.2.2
102 silly currentTree ├── wordwrap@0.0.3
102 silly currentTree ├── wrappy@1.0.2
102 silly currentTree ├── ws@3.3.3
102 silly currentTree ├── xmlhttprequest-ssl@1.5.5
102 silly currentTree ├── yallist@3.0.3
102 silly currentTree ├── yargs@3.10.0
102 silly currentTree └── yeast@0.1.2
103 silly idealTree sampleapp@0.0.0
103 silly idealTree ├── abbrev@1.1.1
103 silly idealTree ├── accepts@1.3.5
103 silly idealTree ├── acorn-globals@1.0.9
103 silly idealTree ├── acorn@2.7.0
103 silly idealTree ├── after@0.8.2
103 silly idealTree ├── align-text@0.1.4
103 silly idealTree ├── amdefine@1.0.1
103 silly idealTree ├── ansi-regex@2.1.1
103 silly idealTree ├── aproba@1.2.0
103 silly idealTree ├── are-we-there-yet@1.1.5
103 silly idealTree ├── array-flatten@1.1.1
103 silly idealTree ├── arraybuffer.slice@0.0.7
103 silly idealTree ├── asap@1.0.0
103 silly idealTree ├── async-limiter@1.0.0
103 silly idealTree ├── backo2@1.0.2
103 silly idealTree ├── balanced-match@1.0.0
103 silly idealTree ├── base64-arraybuffer@0.1.5
103 silly idealTree ├── base64id@1.0.0
103 silly idealTree ├── basic-auth@2.0.0
103 silly idealTree ├── better-assert@1.0.2
103 silly idealTree ├── blob@0.0.4
103 silly idealTree ├─┬ body-parser@1.18.2
103 silly idealTree │ ├── debug@2.6.9
103 silly idealTree │ └── http-errors@1.6.3
103 silly idealTree ├── brace-expansion@1.1.11
103 silly idealTree ├── bson@1.0.9
103 silly idealTree ├── bytes@3.0.0
103 silly idealTree ├── callsite@1.0.0
103 silly idealTree ├── camelcase@1.2.1
103 silly idealTree ├── canvas@2.5.0
103 silly idealTree ├── center-align@0.1.3
103 silly idealTree ├── character-parser@1.2.1
103 silly idealTree ├── chownr@1.1.2
103 silly idealTree ├─┬ clean-css@3.4.28
103 silly idealTree │ └── commander@2.8.1
103 silly idealTree ├─┬ cliui@2.1.0
103 silly idealTree │ └── wordwrap@0.0.2
103 silly idealTree ├── code-point-at@1.1.0
103 silly idealTree ├── commander@2.6.0
103 silly idealTree ├── component-bind@1.0.0
103 silly idealTree ├── component-emitter@1.2.1
103 silly idealTree ├── component-inherit@0.0.3
103 silly idealTree ├── concat-map@0.0.1
103 silly idealTree ├── console-control-strings@1.1.0
103 silly idealTree ├── constantinople@3.0.2
103 silly idealTree ├── content-disposition@0.5.2
103 silly idealTree ├── content-type@1.0.4
103 silly idealTree ├── cookie-parser@1.4.3
103 silly idealTree ├── cookie-signature@1.0.6
103 silly idealTree ├── cookie@0.3.1
103 silly idealTree ├── core-util-is@1.0.2
103 silly idealTree ├── css-parse@1.0.4
103 silly idealTree ├── css-stringify@1.0.5
103 silly idealTree ├── css@1.0.8
103 silly idealTree ├── debug@2.6.9
103 silly idealTree ├── decamelize@1.2.0
103 silly idealTree ├── decompress-response@3.3.0
103 silly idealTree ├── deep-extend@0.6.0
103 silly idealTree ├── delegates@1.0.0
103 silly idealTree ├── depd@1.1.2
103 silly idealTree ├── destroy@1.0.4
103 silly idealTree ├── detect-libc@1.0.3
103 silly idealTree ├── ee-first@1.1.1
103 silly idealTree ├── encodeurl@1.0.2
103 silly idealTree ├─┬ engine.io-client@3.2.1
103 silly idealTree │ └── debug@3.1.0
103 silly idealTree ├── engine.io-parser@2.1.2
103 silly idealTree ├─┬ engine.io@3.2.0
103 silly idealTree │ └── debug@3.1.0
103 silly idealTree ├── escape-html@1.0.3
103 silly idealTree ├── etag@1.8.1
103 silly idealTree ├─┬ express@4.16.3
103 silly idealTree │ └── debug@2.6.9
103 silly idealTree ├─┬ finalhandler@1.1.1
103 silly idealTree │ └── debug@2.6.9
103 silly idealTree ├── forwarded@0.1.2
103 silly idealTree ├── fresh@0.5.2
103 silly idealTree ├── fs-minipass@1.2.6
103 silly idealTree ├── fs.realpath@1.0.0
103 silly idealTree ├── gauge@2.7.4
103 silly idealTree ├── glob@7.1.4
103 silly idealTree ├── graceful-readlink@1.0.1
103 silly idealTree ├── has-binary2@1.0.3
103 silly idealTree ├── has-cors@1.1.0
103 silly idealTree ├── has-unicode@2.0.1
103 silly idealTree ├── http-errors@1.6.3
103 silly idealTree ├── iconv-lite@0.4.19
103 silly idealTree ├── ignore-walk@3.0.1
103 silly idealTree ├── indexof@0.0.1
103 silly idealTree ├── inflight@1.0.6
103 silly idealTree ├── inherits@2.0.3
103 silly idealTree ├── ini@1.3.5
103 silly idealTree ├── ipaddr.js@1.6.0
103 silly idealTree ├── is-buffer@1.1.6
103 silly idealTree ├── is-fullwidth-code-point@1.0.0
103 silly idealTree ├── is-promise@2.1.0
103 silly idealTree ├── isarray@2.0.1
103 silly idealTree ├── jade@1.11.0
103 silly idealTree ├── jstransformer@0.0.2
103 silly idealTree ├── kind-of@3.2.2
103 silly idealTree ├── lazy-cache@1.0.4
103 silly idealTree ├── longest@1.0.1
103 silly idealTree ├── media-typer@0.3.0
103 silly idealTree ├── merge-descriptors@1.0.1
103 silly idealTree ├── methods@1.1.2
103 silly idealTree ├── mime-db@1.33.0
103 silly idealTree ├── mime-types@2.1.18
103 silly idealTree ├── mime@1.4.1
103 silly idealTree ├── mimic-response@1.0.1
103 silly idealTree ├── minimatch@3.0.4
103 silly idealTree ├── minimist@0.0.8
103 silly idealTree ├─┬ minipass@2.3.5
103 silly idealTree │ └── safe-buffer@5.2.0
103 silly idealTree ├── minizlib@1.2.1
103 silly idealTree ├── mkdirp@0.5.1
103 silly idealTree ├── mongodb-core@3.0.9
103 silly idealTree ├── mongodb@3.0.10
103 silly idealTree ├── morgan@1.9.0
103 silly idealTree ├── ms@2.0.0
103 silly idealTree ├── nan@2.14.0
103 silly idealTree ├─┬ needle@2.4.0
103 silly idealTree │ ├── debug@3.2.6
103 silly idealTree │ └── ms@2.1.2
103 silly idealTree ├── negotiator@0.6.1
103 silly idealTree ├── node-pre-gyp@0.11.0
103 silly idealTree ├── nopt@4.0.1
103 silly idealTree ├── npm-bundled@1.0.6
103 silly idealTree ├── npm-packlist@1.4.4
103 silly idealTree ├── npmlog@4.1.2
103 silly idealTree ├── number-is-nan@1.0.1
103 silly idealTree ├── object-assign@4.1.1
103 silly idealTree ├── object-component@0.0.3
103 silly idealTree ├── on-finished@2.3.0
103 silly idealTree ├── on-headers@1.0.1
103 silly idealTree ├── once@1.4.0
103 silly idealTree ├── optimist@0.3.7
103 silly idealTree ├── os-homedir@1.0.2
103 silly idealTree ├── os-tmpdir@1.0.2
103 silly idealTree ├── osenv@0.1.5
103 silly idealTree ├── parseqs@0.0.5
103 silly idealTree ├── parseuri@0.0.5
103 silly idealTree ├── parseurl@1.3.2
103 silly idealTree ├── path-is-absolute@1.0.1
103 silly idealTree ├── path-to-regexp@0.1.7
103 silly idealTree ├── process-nextick-args@2.0.1
103 silly idealTree ├── promise@6.1.0
103 silly idealTree ├── proxy-addr@2.0.3
103 silly idealTree ├── qs@6.5.1
103 silly idealTree ├── range-parser@1.2.0
103 silly idealTree ├─┬ raw-body@2.3.2
103 silly idealTree │ ├── depd@1.1.1
103 silly idealTree │ ├── http-errors@1.6.2
103 silly idealTree │ └── setprototypeof@1.0.3
103 silly idealTree ├─┬ rc@1.2.8
103 silly idealTree │ └── minimist@1.2.0
103 silly idealTree ├─┬ readable-stream@2.3.6
103 silly idealTree │ └── isarray@1.0.0
103 silly idealTree ├── repeat-string@1.6.1
103 silly idealTree ├── require_optional@1.0.1
103 silly idealTree ├── resolve-from@2.0.0
103 silly idealTree ├── right-align@0.1.3
103 silly idealTree ├── rimraf@2.6.3
103 silly idealTree ├── safe-buffer@5.1.1
103 silly idealTree ├── safer-buffer@2.1.2
103 silly idealTree ├── sax@1.2.4
103 silly idealTree ├── semver@5.5.0
103 silly idealTree ├─┬ send@0.16.2
103 silly idealTree │ ├── debug@2.6.9
103 silly idealTree │ └── http-errors@1.6.3
103 silly idealTree ├── serve-static@1.13.2
103 silly idealTree ├── set-blocking@2.0.0
103 silly idealTree ├── setprototypeof@1.1.0
103 silly idealTree ├── signal-exit@3.0.2
103 silly idealTree ├── simple-concat@1.0.0
103 silly idealTree ├── simple-get@3.0.3
103 silly idealTree ├── socket.io-adapter@1.1.1
103 silly idealTree ├─┬ socket.io-client@2.1.1
103 silly idealTree │ └── debug@3.1.0
103 silly idealTree ├─┬ socket.io-parser@3.2.0
103 silly idealTree │ └── debug@3.1.0
103 silly idealTree ├─┬ socket.io@2.1.1
103 silly idealTree │ ├─┬ debug@3.1.0
103 silly idealTree │ │ └── ms@2.0.0
103 silly idealTree │ └── ms@2.1.2
103 silly idealTree ├── source-map@0.4.4
103 silly idealTree ├── statuses@1.4.0
103 silly idealTree ├── string_decoder@1.1.1
103 silly idealTree ├── string-width@1.0.2
103 silly idealTree ├── strip-ansi@3.0.1
103 silly idealTree ├── strip-json-comments@2.0.1
103 silly idealTree ├─┬ tar@4.4.10
103 silly idealTree │ └── safe-buffer@5.2.0
103 silly idealTree ├── to-array@0.1.4
103 silly idealTree ├─┬ transformers@2.1.0
103 silly idealTree │ ├── is-promise@1.0.1
103 silly idealTree │ ├── promise@2.0.0
103 silly idealTree │ ├── source-map@0.1.43
103 silly idealTree │ └── uglify-js@2.2.5
103 silly idealTree ├── type-is@1.6.16
103 silly idealTree ├─┬ uglify-js@2.8.29
103 silly idealTree │ └── source-map@0.5.7
103 silly idealTree ├── uglify-to-browserify@1.0.2
103 silly idealTree ├── ultron@1.1.1
103 silly idealTree ├── unpipe@1.0.0
103 silly idealTree ├── util-deprecate@1.0.2
103 silly idealTree ├── utils-merge@1.0.1
103 silly idealTree ├── vary@1.1.2
103 silly idealTree ├── void-elements@2.0.1
103 silly idealTree ├── wide-align@1.1.3
103 silly idealTree ├── window-size@0.1.0
103 silly idealTree ├─┬ with@4.0.3
103 silly idealTree │ └── acorn@1.2.2
103 silly idealTree ├── wordwrap@0.0.3
103 silly idealTree ├── wrappy@1.0.2
103 silly idealTree ├── ws@3.3.3
103 silly idealTree ├── xmlhttprequest-ssl@1.5.5
103 silly idealTree ├── yallist@3.0.3
103 silly idealTree ├── yargs@3.10.0
103 silly idealTree └── yeast@0.1.2
104 silly generateActionsToTake Starting
105 silly install generateActionsToTake
106 silly generateActionsToTake Finishing
107 silly diffTrees action count 2
108 silly diffTrees add nan@2.14.0
109 silly diffTrees add canvas@2.5.0
110 silly decomposeActions action count 16
111 silly decomposeActions fetch nan@2.14.0
112 silly decomposeActions extract nan@2.14.0
113 silly decomposeActions test nan@2.14.0
114 silly decomposeActions preinstall nan@2.14.0
115 silly decomposeActions build nan@2.14.0
116 silly decomposeActions install nan@2.14.0
117 silly decomposeActions postinstall nan@2.14.0
118 silly decomposeActions finalize nan@2.14.0
119 silly decomposeActions fetch canvas@2.5.0
120 silly decomposeActions extract canvas@2.5.0
121 silly decomposeActions test canvas@2.5.0
122 silly decomposeActions preinstall canvas@2.5.0
123 silly decomposeActions build canvas@2.5.0
124 silly decomposeActions install canvas@2.5.0
125 silly decomposeActions postinstall canvas@2.5.0
126 silly decomposeActions finalize canvas@2.5.0
127 silly runTopLevelLifecycles Starting
128 silly executeActions Starting
129 silly install executeActions
130 silly doSerial global-install 0
131 silly doParallel fetch 2
132 verbose correctMkdir /root/.npm/_locks correctMkdir not in flight; initializing
133 verbose lock using /root/.npm/_locks/staging-0c1ce03090184303.lock for /usr/share/nginx/html/node/node_modules/.staging
134 silly doParallel extract 2
135 silly extract nan@2.14.0
136 silly extract canvas@2.5.0
137 verbose unbuild node_modules/.staging/nan-2de35520
138 verbose unbuild node_modules/.staging/canvas-5d7617e4
139 silly gentlyRm /usr/share/nginx/html/node/node_modules/.staging/nan-2de35520 is being purged from base /usr/share/nginx/html/node
140 verbose gentlyRm don't care about contents; nuking /usr/share/nginx/html/node/node_modules/.staging/nan-2de35520
141 silly gentlyRm /usr/share/nginx/html/node/node_modules/.staging/canvas-5d7617e4 is being purged from base /usr/share/nginx/html/node
142 verbose gentlyRm don't care about contents; nuking /usr/share/nginx/html/node/node_modules/.staging/canvas-5d7617e4
143 verbose tar unpack /root/.npm/nan/2.14.0/package.tgz
144 verbose tar unpacking to /usr/share/nginx/html/node/node_modules/.staging/nan-2de35520
145 silly gentlyRm /usr/share/nginx/html/node/node_modules/.staging/nan-2de35520 is being purged
146 verbose gentlyRm don't care about contents; nuking /usr/share/nginx/html/node/node_modules/.staging/nan-2de35520
147 verbose tar unpack /root/.npm/canvas/2.5.0/package.tgz
148 verbose tar unpacking to /usr/share/nginx/html/node/node_modules/.staging/canvas-5d7617e4
149 silly gentlyRm /usr/share/nginx/html/node/node_modules/.staging/canvas-5d7617e4 is being purged
150 verbose gentlyRm don't care about contents; nuking /usr/share/nginx/html/node/node_modules/.staging/canvas-5d7617e4
151 silly gunzTarPerm modes [ '755', '644' ]
152 silly gunzTarPerm modes [ '755', '644' ]
153 silly gunzTarPerm extractEntry package.json
154 silly gunzTarPerm modified mode [ 'package.json', 436, 420 ]
155 silly gunzTarPerm extractEntry package.json
156 silly gunzTarPerm extractEntry CHANGELOG.md
157 silly gunzTarPerm modified mode [ 'CHANGELOG.md', 436, 420 ]
158 silly gunzTarPerm extractEntry include_dirs.js
159 silly gunzTarPerm modified mode [ 'include_dirs.js', 436, 420 ]
160 silly gunzTarPerm extractEntry binding.gyp
161 silly gunzTarPerm extractEntry browser.js
162 silly gunzTarPerm extractEntry LICENSE.md
163 silly gunzTarPerm modified mode [ 'LICENSE.md', 436, 420 ]
164 silly gunzTarPerm extractEntry nan_callbacks_12_inl.h
165 silly gunzTarPerm modified mode [ 'nan_callbacks_12_inl.h', 436, 420 ]
166 silly gunzTarPerm extractEntry nan_callbacks_pre_12_inl.h
167 silly gunzTarPerm modified mode [ 'nan_callbacks_pre_12_inl.h', 436, 420 ]
168 silly gunzTarPerm extractEntry CHANGELOG.md
169 silly gunzTarPerm extractEntry index.js
170 silly gunzTarPerm extractEntry nan_callbacks.h
171 silly gunzTarPerm modified mode [ 'nan_callbacks.h', 436, 420 ]
172 silly gunzTarPerm extractEntry Readme.md
173 silly gunzTarPerm extractEntry lib/bindings.js
174 silly gunzTarPerm extractEntry nan_converters_43_inl.h
175 silly gunzTarPerm modified mode [ 'nan_converters_43_inl.h', 436, 420 ]
176 silly gunzTarPerm extractEntry nan_converters_pre_43_inl.h
177 silly gunzTarPerm modified mode [ 'nan_converters_pre_43_inl.h', 436, 420 ]
178 silly gunzTarPerm extractEntry lib/canvas.js
179 silly gunzTarPerm extractEntry lib/context2d.js
180 silly gunzTarPerm extractEntry lib/DOMMatrix.js
181 silly gunzTarPerm extractEntry nan_converters.h
182 silly gunzTarPerm modified mode [ 'nan_converters.h', 436, 420 ]
183 silly gunzTarPerm extractEntry nan_define_own_property_helper.h
184 silly gunzTarPerm modified mode [ 'nan_define_own_property_helper.h', 436, 420 ]
185 silly gunzTarPerm extractEntry lib/image.js
186 silly gunzTarPerm extractEntry nan_implementation_12_inl.h
187 silly gunzTarPerm modified mode [ 'nan_implementation_12_inl.h', 436, 420 ]
188 silly gunzTarPerm extractEntry nan_implementation_pre_12_inl.h
189 silly gunzTarPerm modified mode [ 'nan_implementation_pre_12_inl.h', 436, 420 ]
190 silly gunzTarPerm extractEntry nan_json.h
191 silly gunzTarPerm modified mode [ 'nan_json.h', 436, 420 ]
192 silly gunzTarPerm extractEntry lib/jpegstream.js
193 silly gunzTarPerm extractEntry lib/parse-font.js
194 silly gunzTarPerm extractEntry nan_maybe_43_inl.h
195 silly gunzTarPerm modified mode [ 'nan_maybe_43_inl.h', 436, 420 ]
196 silly gunzTarPerm extractEntry nan_maybe_pre_43_inl.h
197 silly gunzTarPerm modified mode [ 'nan_maybe_pre_43_inl.h', 436, 420 ]
198 silly gunzTarPerm extractEntry nan_new.h
199 silly gunzTarPerm modified mode [ 'nan_new.h', 436, 420 ]
200 silly gunzTarPerm extractEntry nan_object_wrap.h
201 silly gunzTarPerm modified mode [ 'nan_object_wrap.h', 436, 420 ]
202 silly gunzTarPerm extractEntry lib/pdfstream.js
203 silly gunzTarPerm extractEntry lib/pngstream.js
204 silly gunzTarPerm extractEntry src/backend/Backend.cc
205 silly gunzTarPerm extractEntry src/backend/Backend.h
206 silly gunzTarPerm extractEntry nan_persistent_12_inl.h
207 silly gunzTarPerm modified mode [ 'nan_persistent_12_inl.h', 436, 420 ]
208 silly gunzTarPerm extractEntry nan_persistent_pre_12_inl.h
209 silly gunzTarPerm modified mode [ 'nan_persistent_pre_12_inl.h', 436, 420 ]
210 silly gunzTarPerm extractEntry src/backend/ImageBackend.cc
211 silly gunzTarPerm extractEntry src/backend/ImageBackend.h
212 silly gunzTarPerm extractEntry nan_private.h
213 silly gunzTarPerm modified mode [ 'nan_private.h', 436, 420 ]
214 silly gunzTarPerm extractEntry nan_string_bytes.h
215 silly gunzTarPerm modified mode [ 'nan_string_bytes.h', 436, 420 ]
216 silly gunzTarPerm extractEntry src/backend/PdfBackend.cc
217 silly gunzTarPerm extractEntry src/backend/PdfBackend.h
218 silly gunzTarPerm extractEntry nan_typedarray_contents.h
219 silly gunzTarPerm modified mode [ 'nan_typedarray_contents.h', 436, 420 ]
220 silly gunzTarPerm extractEntry nan_weak.h
221 silly gunzTarPerm modified mode [ 'nan_weak.h', 436, 420 ]
222 silly gunzTarPerm extractEntry src/backend/SvgBackend.cc
223 silly gunzTarPerm extractEntry src/backend/SvgBackend.h
224 silly gunzTarPerm extractEntry nan.h
225 silly gunzTarPerm modified mode [ 'nan.h', 436, 420 ]
226 silly gunzTarPerm extractEntry README.md
227 silly gunzTarPerm modified mode [ 'README.md', 436, 420 ]
228 silly gunzTarPerm extractEntry src/Backends.cc
229 silly gunzTarPerm extractEntry src/Backends.h
230 silly gunzTarPerm extractEntry doc/asyncworker.md
231 silly gunzTarPerm modified mode [ 'doc/asyncworker.md', 436, 420 ]
232 silly gunzTarPerm extractEntry doc/buffers.md
233 silly gunzTarPerm modified mode [ 'doc/buffers.md', 436, 420 ]
234 silly gunzTarPerm extractEntry src/bmp/BMPParser.cc
235 silly gunzTarPerm extractEntry src/bmp/BMPParser.h
236 silly gunzTarPerm extractEntry doc/callback.md
237 silly gunzTarPerm modified mode [ 'doc/callback.md', 436, 420 ]
238 silly gunzTarPerm extractEntry doc/converters.md
239 silly gunzTarPerm modified mode [ 'doc/converters.md', 436, 420 ]
240 silly gunzTarPerm extractEntry src/bmp/LICENSE.md
241 silly gunzTarPerm extractEntry src/Canvas.cc
242 silly gunzTarPerm extractEntry doc/errors.md
243 silly gunzTarPerm modified mode [ 'doc/errors.md', 436, 420 ]
244 silly gunzTarPerm extractEntry doc/json.md
245 silly gunzTarPerm modified mode [ 'doc/json.md', 436, 420 ]
246 silly gunzTarPerm extractEntry src/Canvas.h
247 silly gunzTarPerm extractEntry src/CanvasError.h
248 silly gunzTarPerm extractEntry doc/maybe_types.md
249 silly gunzTarPerm modified mode [ 'doc/maybe_types.md', 436, 420 ]
250 silly gunzTarPerm extractEntry doc/methods.md
251 silly gunzTarPerm modified mode [ 'doc/methods.md', 436, 420 ]
252 silly gunzTarPerm extractEntry src/CanvasGradient.cc
253 silly gunzTarPerm extractEntry src/CanvasGradient.h
254 silly gunzTarPerm extractEntry doc/new.md
255 silly gunzTarPerm modified mode [ 'doc/new.md', 436, 420 ]
256 silly gunzTarPerm extractEntry doc/node_misc.md
257 silly gunzTarPerm modified mode [ 'doc/node_misc.md', 436, 420 ]
258 silly gunzTarPerm extractEntry src/CanvasPattern.cc
259 silly gunzTarPerm extractEntry src/CanvasPattern.h
260 silly gunzTarPerm extractEntry doc/object_wrappers.md
261 silly gunzTarPerm modified mode [ 'doc/object_wrappers.md', 436, 420 ]
262 silly gunzTarPerm extractEntry doc/persistent.md
263 silly gunzTarPerm modified mode [ 'doc/persistent.md', 436, 420 ]
264 silly gunzTarPerm extractEntry src/CanvasRenderingContext2d.cc
265 silly gunzTarPerm extractEntry src/CanvasRenderingContext2d.h
266 silly gunzTarPerm extractEntry doc/scopes.md
267 silly gunzTarPerm modified mode [ 'doc/scopes.md', 436, 420 ]
268 silly gunzTarPerm extractEntry doc/script.md
269 silly gunzTarPerm modified mode [ 'doc/script.md', 436, 420 ]
270 silly gunzTarPerm extractEntry src/closure.cc
271 silly gunzTarPerm extractEntry src/closure.h
272 silly gunzTarPerm extractEntry doc/string_bytes.md
273 silly gunzTarPerm modified mode [ 'doc/string_bytes.md', 436, 420 ]
274 silly gunzTarPerm extractEntry doc/v8_internals.md
275 silly gunzTarPerm modified mode [ 'doc/v8_internals.md', 436, 420 ]
276 silly gunzTarPerm extractEntry src/color.cc
277 silly gunzTarPerm extractEntry src/color.h
278 silly gunzTarPerm extractEntry src/dll_visibility.h
279 silly gunzTarPerm extractEntry src/Image.cc
280 silly gunzTarPerm extractEntry src/Image.h
281 silly gunzTarPerm extractEntry src/ImageData.cc
282 silly gunzTarPerm extractEntry src/ImageData.h
283 silly gunzTarPerm extractEntry src/init.cc
284 silly gunzTarPerm extractEntry src/JPEGStream.h
285 silly gunzTarPerm extractEntry src/PNG.h
286 silly gunzTarPerm extractEntry src/Point.h
287 silly gunzTarPerm extractEntry src/register_font.cc
288 silly gunzTarPerm extractEntry src/register_font.h
289 silly gunzTarPerm extractEntry src/Util.h
290 silly gunzTarPerm extractEntry types/index.d.ts
291 silly gunzTarPerm extractEntry types/Readme.md
292 silly gunzTarPerm extractEntry util/has_lib.js
293 silly gunzTarPerm extractEntry util/win_jpeg_lookup.js
294 silly gunzTarPerm extractEntry doc/v8_misc.md
295 silly gunzTarPerm modified mode [ 'doc/v8_misc.md', 436, 420 ]
296 silly gunzTarPerm extractEntry tools/1to2.js
297 silly gunzTarPerm modified mode [ 'tools/1to2.js', 509, 493 ]
298 silly gunzTarPerm extractEntry tools/package.json
299 silly gunzTarPerm modified mode [ 'tools/package.json', 436, 420 ]
300 silly gunzTarPerm extractEntry tools/README.md
301 silly gunzTarPerm modified mode [ 'tools/README.md', 436, 420 ]
302 silly gentlyRm /usr/share/nginx/html/node/node_modules/.staging/nan-2de35520/node_modules is being purged
303 verbose gentlyRm don't care about contents; nuking /usr/share/nginx/html/node/node_modules/.staging/nan-2de35520/node_modules
304 silly gentlyRm /usr/share/nginx/html/node/node_modules/.staging/canvas-5d7617e4/node_modules is being purged
305 verbose gentlyRm don't care about contents; nuking /usr/share/nginx/html/node/node_modules/.staging/canvas-5d7617e4/node_modules
306 silly doParallel preinstall 2
307 silly preinstall nan@2.14.0 /usr/share/nginx/html/node/node_modules/.staging/nan-2de35520
308 info lifecycle nan@2.14.0~preinstall: nan@2.14.0
309 silly preinstall canvas@2.5.0 /usr/share/nginx/html/node/node_modules/.staging/canvas-5d7617e4
310 info lifecycle canvas@2.5.0~preinstall: canvas@2.5.0
311 silly lifecycle nan@2.14.0~preinstall: no script for preinstall, continuing
312 silly lifecycle canvas@2.5.0~preinstall: no script for preinstall, continuing
313 silly doReverseSerial remove 0
314 silly doSerial move 0
315 silly doSerial finalize 2
316 silly finalize /usr/share/nginx/html/node/node_modules/nan
317 silly finalize /usr/share/nginx/html/node/node_modules/canvas
318 silly doSerial build 2
319 silly build nan@2.14.0
320 info linkStuff nan@2.14.0
321 silly linkStuff nan@2.14.0 has /usr/share/nginx/html/node/node_modules as its parent node_modules
322 verbose linkBins nan@2.14.0
323 verbose linkMans nan@2.14.0
324 silly build canvas@2.5.0
325 info linkStuff canvas@2.5.0
326 silly linkStuff canvas@2.5.0 has /usr/share/nginx/html/node/node_modules as its parent node_modules
327 verbose linkBins canvas@2.5.0
328 verbose linkMans canvas@2.5.0
329 silly doSerial global-link 0
330 silly doParallel update-linked 0
331 silly doSerial install 2
332 silly install nan@2.14.0 /usr/share/nginx/html/node/node_modules/.staging/nan-2de35520
333 info lifecycle nan@2.14.0~install: nan@2.14.0
334 silly lifecycle nan@2.14.0~install: no script for install, continuing
335 silly install canvas@2.5.0 /usr/share/nginx/html/node/node_modules/.staging/canvas-5d7617e4
336 info lifecycle canvas@2.5.0~install: canvas@2.5.0
337 verbose lifecycle canvas@2.5.0~install: unsafe-perm in lifecycle false
338 verbose lifecycle canvas@2.5.0~install: PATH: /usr/lib/node_modules/npm/bin/node-gyp-bin:/usr/share/nginx/html/node/node_modules/canvas/node_modules/.bin:/usr/share/nginx/html/node/node_modules/.bin:/usr/bin:/usr/local/sbin:/usr/local/bin:/sbin:/bin:/usr/sbin:/usr/bin:/root/bin
339 verbose lifecycle canvas@2.5.0~install: CWD: /usr/share/nginx/html/node/node_modules/canvas
340 silly lifecycle canvas@2.5.0~install: Args: [ '-c', 'node-pre-gyp install --fallback-to-build' ]
341 silly lifecycle canvas@2.5.0~install: Returned: code: 1  signal: null
342 info lifecycle canvas@2.5.0~install: Failed to exec install script
343 verbose unlock done using /root/.npm/_locks/staging-0c1ce03090184303.lock for /usr/share/nginx/html/node/node_modules/.staging
344 silly rollbackFailedOptional Starting
345 silly rollbackFailedOptional Finishing
346 silly runTopLevelLifecycles Finishing
347 silly install printInstalled
348 verbose stack Error: canvas@2.5.0 install: `node-pre-gyp install --fallback-to-build`
348 verbose stack Exit status 1
348 verbose stack     at EventEmitter.<anonymous> (/usr/lib/node_modules/npm/lib/utils/lifecycle.js:255:16)
348 verbose stack     at emitTwo (events.js:106:13)
348 verbose stack     at EventEmitter.emit (events.js:191:7)
348 verbose stack     at ChildProcess.<anonymous> (/usr/lib/node_modules/npm/lib/utils/spawn.js:40:14)
348 verbose stack     at emitTwo (events.js:106:13)
348 verbose stack     at ChildProcess.emit (events.js:191:7)
348 verbose stack     at maybeClose (internal/child_process.js:920:16)
348 verbose stack     at Process.ChildProcess._handle.onexit (internal/child_process.js:230:5)
349 verbose pkgid canvas@2.5.0
350 verbose cwd /usr/share/nginx/html/node
351 error Linux 3.10.0-957.21.3.el7.x86_64
352 error argv "/usr/bin/node" "/bin/npm" "install" "canvas"
353 error node v6.17.1
354 error npm  v3.10.10
355 error code ELIFECYCLE
356 error canvas@2.5.0 install: `node-pre-gyp install --fallback-to-build`
356 error Exit status 1
357 error Failed at the canvas@2.5.0 install script 'node-pre-gyp install --fallback-to-build'.
357 error Make sure you have the latest version of node.js and npm installed.
357 error If you do, this is most likely a problem with the canvas package,
357 error not with npm itself.
357 error Tell the author that this fails on your system:
357 error     node-pre-gyp install --fallback-to-build
357 error You can get information on how to open an issue for this project with:
357 error     npm bugs canvas
357 error Or if that isn't available, you can get their info via:
357 error     npm owner ls canvas
357 error There is likely additional logging output above.
358 verbose exit [ 1, true ]
